This is pdfTeX, Version 3.14159265-2.6-1.40.20 (TeX Live 2019) (preloaded format=pdflatex 2020.4.3)  7 APR 2020 19:22
entering extended mode
 restricted \write18 enabled.
 %&-line parsing enabled.
**Sweavel.sty
(./Sweavel.sty
LaTeX2e <2020-02-02> patch level 5
L3 programming layer <2020-02-25>

LaTeX Warning: You have requested package `',
               but the package provides `Sweavel'.

Package: Sweavel 

! LaTeX Error: File `listings.sty' not found.

Type X to quit or <RETURN> to proceed,
or enter new name. (Default extension: sty)

Enter file name: 
! Emergency stop.
<read *> 
         
l.24 ^^M
        
*** (cannot \read from terminal in nonstop modes)

 
Here is how much of TeX's memory you used:
 23 strings out of 482913
 460 string characters out of 5959409
 232983 words of memory out of 5000000
 15396 multiletter control sequences out of 15000+600000
 532338 words of font info for 24 fonts, out of 8000000 for 9000
 14 hyphenation exceptions out of 8191
 14i,0n,17p,126b,10s stack positions out of 5000i,500n,10000p,200000b,80000s
!  ==> Fatal error occurred, no output PDF file produced!
